
Bookモデルのテスト
  バリデーションのテスト
    titleカラム
[32m      空欄でないこと[0m
    bodyカラム
[32m      空欄でないこと[0m
[32m      200文字以下であること: 200文字は〇[0m
[32m      200文字以下であること: 201文字は×[0m
  アソシエーションのテスト
    Userモデルとの関係
[32m      N:1となっている[0m

Userモデルのテスト
  バリデーションのテスト
    nameカラム
[32m      空欄でないこと[0m
[32m      2文字以上であること: 1文字は×[0m
[32m      2文字以上であること: 2文字は〇[0m
[32m      20文字以下であること: 20文字は〇[0m
[32m      20文字以下であること: 21文字は×[0m
[32m      一意性があること[0m
    introductionカラム
[32m      50文字以下であること: 50文字は〇[0m
[32m      50文字以下であること: 51文字は×[0m
  アソシエーションのテスト
    Bookモデルとの関係
[32m      1:Nとなっている[0m

[STEP1] ユーザログイン前のテスト
  トップ画面のテスト
    表示内容の確認
[32m      URLが正しい[0m
[32m      Log inリンクが表示される: 青色のボタンの表示が「Log in」である[0m
[32m      Log inリンクの内容が正しい[0m
[32m      Sign upリンクが表示される: 緑色のボタンの表示が「Sign up」である[0m
[32m      Sign upリンクの内容が正しい[0m
  アバウト画面のテスト
    表示内容の確認
[32m      URLが正しい[0m
  ヘッダーのテスト: ログインしていない場合
    表示内容の確認
[32m      Bookersリンクが表示される: 左上から1番目のリンクが「Bookers」である[0m
[32m      Homeリンクが表示される: 左上から2番目のリンクが「Home」である[0m
[32m      Aboutリンクが表示される: 左上から3番目のリンクが「About」である[0m
[32m      Sign upリンクが表示される: 左上から4番目のリンクが「Sign up」である[0m
[32m      Log inリンクが表示される: 左上から5番目のリンクが「Log in」である[0m
    リンクの内容を確認
[32m      Bookersを押すと、トップ画面に遷移する[0m
[32m      Homeを押すと、トップ画面に遷移する[0m
[32m      Aboutを押すと、アバウト画面に遷移する[0m
[32m      Sign upを押すと、新規登録画面に遷移する[0m
[32m      Log inを押すと、ログイン画面に遷移する[0m
  ユーザ新規登録のテスト
    表示内容の確認
[32m      URLが正しい[0m
[32m      「Sign up」と表示される[0m
[32m      nameフォームが表示される[0m
[32m      emailフォームが表示される[0m
[32m      passwordフォームが表示される[0m
[32m      password_confirmationフォームが表示される[0m
[32m      Sign upボタンが表示される[0m
    新規登録成功のテスト
[32m      正しく新規登録される[0m
[32m      新規登録後のリダイレクト先が、新規登録できたユーザの詳細画面になっている[0m
  ユーザログイン
    表示内容の確認
[32m      URLが正しい[0m
[32m      「Log in」と表示される[0m
[32m      nameフォームが表示される[0m
[32m      passwordフォームが表示される[0m
[32m      Log inボタンが表示される[0m
[32m      emailフォームは表示されない[0m
    ログイン成功のテスト
[32m      ログイン後のリダイレクト先が、ログインしたユーザの詳細画面になっている[0m
    ログイン失敗のテスト
[32m      ログインに失敗し、ログイン画面にリダイレクトされる[0m
  ヘッダーのテスト: ログインしている場合
    ヘッダーの表示を確認
[32m      Bookersリンクが表示される: 左上から1番目のリンクが「Bookers」である[0m
[32m      Homeリンクが表示される: 左上から2番目のリンクが「Home」である[0m
[32m      Usersリンクが表示される: 左上から3番目のリンクが「Users」である[0m
[32m      Booksリンクが表示される: 左上から4番目のリンクが「Books」である[0m
[32m      Log outリンクが表示される: 左上から5番目のリンクが「Log out」である[0m
  ユーザログアウトのテスト
    ログアウト機能のテスト
[32m      正しくログアウトできている: ログアウト後のリダイレクト先においてAbout画面へのリンクが存在する[0m
[32m      ログアウト後のリダイレクト先が、トップになっている[0m

[STEP2] ユーザログイン後のテスト
  ヘッダーのテスト: ログインしている場合
    リンクの内容を確認: ※logoutは『ユーザログアウトのテスト』でテスト済みになります。
[32m      Homeを押すと、自分のユーザ詳細画面に遷移する[0m
[32m      Usersを押すと、ユーザ一覧画面に遷移する[0m
[32m      Booksを押すと、投稿一覧画面に遷移する[0m
  投稿一覧画面のテスト
    表示内容の確認
[32m      URLが正しい[0m
[31m      自分と他人の画像のリンク先が正しい (FAILED - 1)[0m
[32m      自分の投稿と他人の投稿のタイトルのリンク先がそれぞれ正しい[0m
[32m      自分の投稿と他人の投稿のオピニオンが表示される[0m
    サイドバーの確認
[32m      自分の名前と紹介文が表示される[0m
[32m      自分のユーザ編集画面へのリンクが存在する[0m
[31m      「New book」と表示される (FAILED - 2)[0m
[32m      titleフォームが表示される[0m
[32m      titleフォームに値が入っていない[0m
[32m      opinionフォームが表示される[0m
[32m      opinionフォームに値が入っていない[0m
[32m      Create Bookボタンが表示される[0m
    投稿成功のテスト
[32m      自分の新しい投稿が正しく保存される[0m
[31m      リダイレクト先が、保存できた投稿の詳細画面になっている (FAILED - 3)[0m
  自分の投稿詳細画面のテスト
    表示内容の確認
[32m      URLが正しい[0m
[32m      「Book detail」と表示される[0m
[31m      ユーザ画像・名前のリンク先が正しい (FAILED - 4)[0m
[32m      投稿のtitleが表示される[0m
[32m      投稿のopinionが表示される[0m
[32m      投稿の編集リンクが表示される[0m
[32m      投稿の削除リンクが表示される[0m
    サイドバーの確認
[32m      自分の名前と紹介文が表示される[0m
[32m      自分のユーザ編集画面へのリンクが存在する[0m
[31m      「New book」と表示される (FAILED - 5)[0m
[32m      titleフォームが表示される[0m
[32m      titleフォームに値が入っていない[0m
[32m      opinionフォームが表示される[0m
[32m      opinionフォームに値が入っていない[0m
[32m      Create Bookボタンが表示される[0m
    投稿成功のテスト
[32m      自分の新しい投稿が正しく保存される[0m
    編集リンクのテスト
[32m      編集画面に遷移する[0m
    削除リンクのテスト
[32m      正しく削除される[0m
[32m      リダイレクト先が、投稿一覧画面になっている[0m
  自分の投稿編集画面のテスト
    表示の確認
[32m      URLが正しい[0m
[32m      「Editing Book」と表示される[0m
[32m      title編集フォームが表示される[0m
[32m      opinion編集フォームが表示される[0m
[32m      Update Bookボタンが表示される[0m
[31m      Showリンクが表示される (FAILED - 6)[0m
[32m      Backリンクが表示される[0m
    編集成功のテスト
[32m      titleが正しく更新される[0m
[32m      bodyが正しく更新される[0m
[32m      リダイレクト先が、更新した投稿の詳細画面になっている[0m
  ユーザ一覧画面のテスト
    表示内容の確認
[32m      URLが正しい[0m
[32m      自分と他人の画像が表示される: fallbackの画像がサイドバーの1つ＋一覧(2人)の2つの計3つ存在する[0m
[32m      自分と他人の名前がそれぞれ表示される[0m
[32m      自分と他人のshowリンクがそれぞれ表示される[0m
    サイドバーの確認
[32m      自分の名前と紹介文が表示される[0m
[32m      自分のユーザ編集画面へのリンクが存在する[0m
[31m      「New book」と表示される (FAILED - 7)[0m
[32m      titleフォームが表示される[0m
[32m      titleフォームに値が入っていない[0m
[32m      opinionフォームが表示される[0m
[32m      opinionフォームに値が入っていない[0m
[32m      Create Bookボタンが表示される[0m
  自分のユーザ詳細画面のテスト
    表示の確認
[32m      URLが正しい[0m
[32m      投稿一覧のユーザ画像のリンク先が正しい[0m
[32m      投稿一覧に自分の投稿のtitleが表示され、リンクが正しい[0m
[32m      投稿一覧に自分の投稿のopinionが表示される[0m
[32m      他人の投稿は表示されない[0m
    サイドバーの確認
[32m      自分の名前と紹介文が表示される[0m
[32m      自分のユーザ編集画面へのリンクが存在する[0m
[31m      「New book」と表示される (FAILED - 8)[0m
[32m      titleフォームが表示される[0m
[32m      titleフォームに値が入っていない[0m
[32m      opinionフォームが表示される[0m
[32m      opinionフォームに値が入っていない[0m
[32m      Create Bookボタンが表示される[0m
  自分のユーザ情報編集画面のテスト
    表示の確認
[32m      URLが正しい[0m
[32m      名前編集フォームに自分の名前が表示される[0m
[32m      画像編集フォームが表示される[0m
[32m      自己紹介編集フォームに自分の自己紹介文が表示される[0m
[32m      Update Userボタンが表示される[0m
    更新成功のテスト
[32m      nameが正しく更新される[0m
[31m      introductionが正しく更新される (FAILED - 9)[0m
[32m      リダイレクト先が、自分のユーザ詳細画面になっている[0m

[STEP3] 仕上げのテスト
  サクセスメッセージのテスト
[32m    ユーザ新規登録成功時[0m
[32m    ユーザログイン成功時[0m
[31m    ユーザログアウト成功時 (FAILED - 10)[0m
[32m    ユーザのプロフィール情報更新成功時[0m
[32m    投稿データの新規投稿成功時: 投稿一覧画面から行います。[0m
[32m    投稿データの更新成功時[0m
  処理失敗時のテスト
    ユーザ新規登録失敗: nameを1文字にする
[32m      新規登録されない[0m
[32m      新規登録画面を表示しており、フォームの内容が正しい[0m
[32m      バリデーションエラーが表示される[0m
    ユーザのプロフィール情報編集失敗: nameを1文字にする
[32m      更新されない[0m
[31m      ユーザ編集画面を表示しており、フォームの内容が正しい (FAILED - 11)[0m
[31m      バリデーションエラーが表示される (FAILED - 12)[0m
    投稿データの新規投稿失敗: 投稿一覧画面から行い、titleを空にする
[31m      投稿が保存されない (FAILED - 13)[0m
[31m      投稿一覧画面を表示している (FAILED - 14)[0m
[32m      新規投稿フォームの内容が正しい[0m
[31m      バリデーションエラーが表示される (FAILED - 15)[0m
    投稿データの更新失敗: titleを空にする
[32m      投稿が更新されない[0m
[32m      投稿編集画面を表示しており、フォームの内容が正しい[0m
[32m      エラーメッセージが表示される[0m
  ログインしていない場合のアクセス制限のテスト: アクセスできず、ログイン画面に遷移する
[31m    ユーザ一覧画面 (FAILED - 16)[0m
[31m    ユーザ詳細画面 (FAILED - 17)[0m
[31m    ユーザ情報編集画面 (FAILED - 18)[0m
[31m    投稿一覧画面 (FAILED - 19)[0m
[31m    投稿詳細画面 (FAILED - 20)[0m
[31m    投稿編集画面 (FAILED - 21)[0m
  他人の画面のテスト
    他人の投稿詳細画面のテスト
      表示内容の確認
[32m        URLが正しい[0m
[32m        「Book detail」と表示される[0m
[31m        ユーザ画像・名前のリンク先が正しい (FAILED - 22)[0m
[32m        投稿のtitleが表示される[0m
[32m        投稿のopinionが表示される[0m
[32m        投稿の編集リンクが表示されない[0m
[32m        投稿の削除リンクが表示されない[0m
      サイドバーの確認
[31m        他人の名前と紹介文が表示される (FAILED - 23)[0m
[31m        他人のユーザ編集画面へのリンクが存在する (FAILED - 24)[0m
[31m        自分の名前と紹介文は表示されない (FAILED - 25)[0m
[31m        自分のユーザ編集画面へのリンクは存在しない (FAILED - 26)[0m
    他人の投稿編集画面
[31m      遷移できず、投稿一覧画面にリダイレクトされる (FAILED - 27)[0m
    他人のユーザ詳細画面のテスト
      表示の確認
[32m        URLが正しい[0m
[31m        投稿一覧のユーザ画像のリンク先が正しい (FAILED - 28)[0m
[32m        投稿一覧に他人の投稿のtitleが表示され、リンクが正しい[0m
[32m        投稿一覧に他人の投稿のopinionが表示される[0m
[32m        自分の投稿は表示されない[0m
      サイドバーの確認
[32m        他人の名前と紹介文が表示される[0m
[31m        他人のユーザ編集画面へのリンクが存在する (FAILED - 29)[0m
[32m        自分の名前と紹介文は表示されない[0m
[32m        自分のユーザ編集画面へのリンクは存在しない[0m
    他人のユーザ情報編集画面
[31m      遷移できず、自分のユーザ詳細画面にリダイレクトされる (FAILED - 30)[0m
  グリッドシステムのテスト: container, row, col-md-〇を正しく使えている
[31m    ユーザ一覧画面 (FAILED - 31)[0m
[31m    ユーザ詳細画面 (FAILED - 32)[0m
[31m    投稿一覧画面 (FAILED - 33)[0m
[31m    投稿詳細画面 (FAILED - 34)[0m
  アイコンのテスト
    トップ画面
[32m      本のアイコンが表示される[0m
    アバウト画面
[32m      本のアイコンが表示される[0m
    ヘッダー: ログインしていない場合
[32m      Homeリンクのアイコンが表示される[0m
[32m      Aboutリンクのアイコンが表示される[0m
[32m      Sign upリンクのアイコンが表示される[0m
[32m      Log inリンクのアイコンが表示される[0m
    ヘッダー: ログインしている場合
[32m      Homeリンクのアイコンが表示される[0m
[32m      Usersリンクのアイコンが表示される[0m
[32m      Booksリンクのアイコンが表示される[0m
[32m      Log outリンクのアイコンが表示される[0m
    サイドバー
[32m      ユーザ一覧画面でレンチアイコンが表示される[0m
[32m      ユーザ詳細画面でレンチアイコンが表示される[0m
[32m      投稿一覧画面でレンチアイコンが表示される[0m
[32m      投稿詳細画面でレンチアイコンが表示される[0m

Failures:

  1) [STEP2] ユーザログイン後のテスト 投稿一覧画面のテスト 表示内容の確認 自分と他人の画像のリンク先が正しい
     [31mFailure/Error: expect(page).to have_link '', href: user_path(other_book.user)[0m
     [31m  expected to find link "" with href "/users/1" but there were no matches[0m
     [36m# ./spec/system/02_after_login_spec.rb:52:in `block (4 levels) in <main>'[0m

  2) [STEP2] ユーザログイン後のテスト 投稿一覧画面のテスト サイドバーの確認 「New book」と表示される
     [31mFailure/Error: expect(page).to have_content 'New book'[0m
     [31m  expected to find text "New book" in "Bookers\nHome Users Books Log out\nUser info\nname t1iw8y3upo introduction 0mdl4i1wozt3q806hzhy\n編集\nNEW BOOKS\nTitle\nOpinion\nBooks\nTitle Opinion e6uwg e6uwg lyyvz73zkw0corpx9mjx b3sxb b3sxb 6nkgprt6hyya1b0whb02\nCopyRight Infratop.inc". (However, it was found 1 time using a case insensitive search.)[0m
     [36m# ./spec/system/02_after_login_spec.rb:73:in `block (4 levels) in <main>'[0m

  3) [STEP2] ユーザログイン後のテスト 投稿一覧画面のテスト 投稿成功のテスト リダイレクト先が、保存できた投稿の詳細画面になっている
     [31mFailure/Error: expect(current_path).to eq '/books/' + Book.last.id.to_s[0m
     [31m[0m
     [31m  expected: "/books/3"[0m
     [31m       got: "/books/2"[0m
     [31m[0m
     [31m  (compared using ==)[0m
     [36m# ./spec/system/02_after_login_spec.rb:103:in `block (4 levels) in <main>'[0m

  4) [STEP2] ユーザログイン後のテスト 自分の投稿詳細画面のテスト 表示内容の確認 ユーザ画像・名前のリンク先が正しい
     [31mFailure/Error: expect(page).to have_link book.user.name, href: user_path(book.user)[0m
     [31m  expected to find link "hrubo78z33" with href "/users/2" but there were no matches[0m
     [36m# ./spec/system/02_after_login_spec.rb:121:in `block (4 levels) in <main>'[0m

  5) [STEP2] ユーザログイン後のテスト 自分の投稿詳細画面のテスト サイドバーの確認 「New book」と表示される
     [31mFailure/Error: expect(page).to have_content 'New book'[0m
     [31m  expected to find text "New book" in "Bookers\nHome Users Books Log out\nUser info\nname wrw0k152tb introduction inmnhp4cg5quh9vk2mxw\n編集\nNEW BOOKS\nTitle\nOpinion\nBook detail\nwrw0k152tb pbrdi rck3m16vn6noeasdc6fh Edit Destroy\nCopyRight Infratop.inc". (However, it was found 1 time using a case insensitive search.)[0m
     [36m# ./spec/system/02_after_login_spec.rb:146:in `block (4 levels) in <main>'[0m

  6) [STEP2] ユーザログイン後のテスト 自分の投稿編集画面のテスト 表示の確認 Showリンクが表示される
     [31mFailure/Error: expect(page).to have_link 'Show', href: book_path(book)[0m
     [31m  expected to find link "Show" with href "/books/1" but there were no matches[0m
     [36m# ./spec/system/02_after_login_spec.rb:219:in `block (4 levels) in <main>'[0m

  7) [STEP2] ユーザログイン後のテスト ユーザ一覧画面のテスト サイドバーの確認 「New book」と表示される
     [31mFailure/Error: expect(page).to have_content 'New book'[0m
     [31m  expected to find text "New book" in "Bookers\nHome Users Books Log out\nUser info\nname qgparxmkgv introduction 2vfjngj610b53qso0r5j\n編集\nNEW BOOKS\nTitle\nOpinion\nUsers\nimage name gh8rcl9r3v Show qgparxmkgv Show\nCopyRight Infratop.inc". (However, it was found 1 time using a case insensitive search.)[0m
     [36m# ./spec/system/02_after_login_spec.rb:279:in `block (4 levels) in <main>'[0m

  8) [STEP2] ユーザログイン後のテスト 自分のユーザ詳細画面のテスト サイドバーの確認 「New book」と表示される
     [31mFailure/Error: expect(page).to have_content 'New book'[0m
     [31m  expected to find text "New book" in "Bookers\nHome Users Books Log out\nUser info\nname d02tpscg0q introduction q36n979xt2jgh5kc7g1t\n編集\nNEW BOOKS\nTitle\nOpinion\nBooks\nTitle Opinion 4nqfu\n33k2wdla0eghjl7fnc1l\nCopyRight Infratop.inc". (However, it was found 1 time using a case insensitive search.)[0m
     [36m# ./spec/system/02_after_login_spec.rb:333:in `block (4 levels) in <main>'[0m

  9) [STEP2] ユーザログイン後のテスト 自分のユーザ情報編集画面のテスト 更新成功のテスト introductionが正しく更新される
     [31mFailure/Error: expect(user.reload.introduction).not_to eq @user_old_intrpduction[0m
     [31m[0m
     [31m  expected: value != "u9sn2li2egw55ygk6kzv"[0m
     [31m       got: "u9sn2li2egw55ygk6kzv"[0m
     [31m[0m
     [31m  (compared using ==)[0m
     [36m# ./spec/system/02_after_login_spec.rb:389:in `block (4 levels) in <main>'[0m

  10) [STEP3] 仕上げのテスト サクセスメッセージのテスト ユーザログアウト成功時
      [31mFailure/Error: is_expected.to have_content 'successfully'[0m
      [31m[0m
      [31mCapybara::Ambiguous:[0m
      [31m  Ambiguous match, found 2 elements matching visible xpath "/html"[0m
      [36m# /home/ec2-user/.rvm/gems/ruby-2.6.3/gems/capybara-3.35.3/lib/capybara/node/finders.rb:301:in `block in synced_resolve'[0m
      [36m# /home/ec2-user/.rvm/gems/ruby-2.6.3/gems/capybara-3.35.3/lib/capybara/node/base.rb:77:in `synchronize'[0m
      [36m# /home/ec2-user/.rvm/gems/ruby-2.6.3/gems/capybara-3.35.3/lib/capybara/node/finders.rb:292:in `synced_resolve'[0m
      [36m# /home/ec2-user/.rvm/gems/ruby-2.6.3/gems/capybara-3.35.3/lib/capybara/node/finders.rb:53:in `find'[0m
      [36m# /home/ec2-user/.rvm/gems/ruby-2.6.3/gems/capybara-3.35.3/lib/capybara/node/document.rb:24:in `text'[0m
      [36m# /home/ec2-user/.rvm/gems/ruby-2.6.3/gems/capybara-3.35.3/lib/capybara/queries/text_query.rb:108:in `text'[0m
      [36m# /home/ec2-user/.rvm/gems/ruby-2.6.3/gems/capybara-3.35.3/lib/capybara/queries/text_query.rb:29:in `resolve_for'[0m
      [36m# /home/ec2-user/.rvm/gems/ruby-2.6.3/gems/capybara-3.35.3/lib/capybara/node/matchers.rb:862:in `block in _verify_text'[0m
      [36m# /home/ec2-user/.rvm/gems/ruby-2.6.3/gems/capybara-3.35.3/lib/capybara/node/base.rb:83:in `synchronize'[0m
      [36m# /home/ec2-user/.rvm/gems/ruby-2.6.3/gems/capybara-3.35.3/lib/capybara/node/matchers.rb:861:in `_verify_text'[0m
      [36m# /home/ec2-user/.rvm/gems/ruby-2.6.3/gems/capybara-3.35.3/lib/capybara/node/matchers.rb:676:in `assert_text'[0m
      [36m# /home/ec2-user/.rvm/gems/ruby-2.6.3/gems/capybara-3.35.3/lib/capybara/session.rb:768:in `block (2 levels) in <class:Session>'[0m
      [36m# /home/ec2-user/.rvm/gems/ruby-2.6.3/gems/capybara-3.35.3/lib/capybara/rspec/matchers/have_text.rb:10:in `element_matches?'[0m
      [36m# /home/ec2-user/.rvm/gems/ruby-2.6.3/gems/capybara-3.35.3/lib/capybara/rspec/matchers/base.rb:51:in `matches?'[0m
      [36m# ./spec/system/03_finishing_touches_spec.rb:36:in `block (3 levels) in <main>'[0m

  11) [STEP3] 仕上げのテスト 処理失敗時のテスト ユーザのプロフィール情報編集失敗: nameを1文字にする ユーザ編集画面を表示しており、フォームの内容が正しい
      [31mFailure/Error: expect(page).to have_field 'user[name]', with: @name[0m
      [31m  expected to find field "user[name]" that is not disabled but there were no matches[0m
      [36m# ./spec/system/03_finishing_touches_spec.rb:113:in `block (4 levels) in <main>'[0m

  12) [STEP3] 仕上げのテスト 処理失敗時のテスト ユーザのプロフィール情報編集失敗: nameを1文字にする バリデーションエラーが表示される
      [31mFailure/Error: expect(page).to have_content "is too short (minimum is 2 characters)"[0m
      [31m[0m
      [31mCapybara::ElementNotFound:[0m
      [31m  Unable to find xpath "/html"[0m
      [36m# /home/ec2-user/.rvm/gems/ruby-2.6.3/gems/capybara-3.35.3/lib/capybara/node/finders.rb:303:in `block in synced_resolve'[0m
      [36m# /home/ec2-user/.rvm/gems/ruby-2.6.3/gems/capybara-3.35.3/lib/capybara/node/base.rb:77:in `synchronize'[0m
      [36m# /home/ec2-user/.rvm/gems/ruby-2.6.3/gems/capybara-3.35.3/lib/capybara/node/finders.rb:292:in `synced_resolve'[0m
      [36m# /home/ec2-user/.rvm/gems/ruby-2.6.3/gems/capybara-3.35.3/lib/capybara/node/finders.rb:53:in `find'[0m
      [36m# /home/ec2-user/.rvm/gems/ruby-2.6.3/gems/capybara-3.35.3/lib/capybara/node/document.rb:24:in `text'[0m
      [36m# /home/ec2-user/.rvm/gems/ruby-2.6.3/gems/capybara-3.35.3/lib/capybara/queries/text_query.rb:108:in `text'[0m
      [36m# /home/ec2-user/.rvm/gems/ruby-2.6.3/gems/capybara-3.35.3/lib/capybara/queries/text_query.rb:29:in `resolve_for'[0m
      [36m# /home/ec2-user/.rvm/gems/ruby-2.6.3/gems/capybara-3.35.3/lib/capybara/node/matchers.rb:862:in `block in _verify_text'[0m
      [36m# /home/ec2-user/.rvm/gems/ruby-2.6.3/gems/capybara-3.35.3/lib/capybara/node/base.rb:83:in `synchronize'[0m
      [36m# /home/ec2-user/.rvm/gems/ruby-2.6.3/gems/capybara-3.35.3/lib/capybara/node/matchers.rb:861:in `_verify_text'[0m
      [36m# /home/ec2-user/.rvm/gems/ruby-2.6.3/gems/capybara-3.35.3/lib/capybara/node/matchers.rb:676:in `assert_text'[0m
      [36m# /home/ec2-user/.rvm/gems/ruby-2.6.3/gems/capybara-3.35.3/lib/capybara/session.rb:768:in `block (2 levels) in <class:Session>'[0m
      [36m# /home/ec2-user/.rvm/gems/ruby-2.6.3/gems/capybara-3.35.3/lib/capybara/rspec/matchers/have_text.rb:10:in `element_matches?'[0m
      [36m# /home/ec2-user/.rvm/gems/ruby-2.6.3/gems/capybara-3.35.3/lib/capybara/rspec/matchers/base.rb:51:in `matches?'[0m
      [36m# ./spec/system/03_finishing_touches_spec.rb:116:in `block (4 levels) in <main>'[0m

  13) [STEP3] 仕上げのテスト 処理失敗時のテスト 投稿データの新規投稿失敗: 投稿一覧画面から行い、titleを空にする 投稿が保存されない
      [31mFailure/Error: <th><%= user.name %></th>[0m
      [31m[0m
      [31mActionView::Template::Error:[0m
      [31m  undefined method `name' for nil:NilClass[0m
      [36m# ./app/views/users/_userinfo.html.erb:12:in `_app_views_users__userinfo_html_erb___2302792636555442640_89157460'[0m
      [36m# ./app/views/books/index.html.erb:7:in `_app_views_books_index_html_erb__94161995955258684_97772500'[0m
      [36m# ./app/controllers/books_controller.rb:13:in `create'[0m
      [36m# /home/ec2-user/.rvm/gems/ruby-2.6.3/gems/warden-1.2.9/lib/warden/manager.rb:36:in `block in call'[0m
      [36m# /home/ec2-user/.rvm/gems/ruby-2.6.3/gems/warden-1.2.9/lib/warden/manager.rb:34:in `catch'[0m
      [36m# /home/ec2-user/.rvm/gems/ruby-2.6.3/gems/warden-1.2.9/lib/warden/manager.rb:34:in `call'[0m
      [36m# /home/ec2-user/.rvm/gems/ruby-2.6.3/gems/rack-2.2.3/lib/rack/tempfile_reaper.rb:15:in `call'[0m
      [36m# /home/ec2-user/.rvm/gems/ruby-2.6.3/gems/rack-2.2.3/lib/rack/etag.rb:27:in `call'[0m
      [36m# /home/ec2-user/.rvm/gems/ruby-2.6.3/gems/rack-2.2.3/lib/rack/conditional_get.rb:40:in `call'[0m
      [36m# /home/ec2-user/.rvm/gems/ruby-2.6.3/gems/rack-2.2.3/lib/rack/head.rb:12:in `call'[0m
      [36m# /home/ec2-user/.rvm/gems/ruby-2.6.3/gems/rack-2.2.3/lib/rack/session/abstract/id.rb:266:in `context'[0m
      [36m# /home/ec2-user/.rvm/gems/ruby-2.6.3/gems/rack-2.2.3/lib/rack/session/abstract/id.rb:260:in `call'[0m
      [36m# /home/ec2-user/.rvm/gems/ruby-2.6.3/gems/railties-5.2.6/lib/rails/rack/logger.rb:38:in `call_app'[0m
      [36m# /home/ec2-user/.rvm/gems/ruby-2.6.3/gems/railties-5.2.6/lib/rails/rack/logger.rb:26:in `block in call'[0m
      [36m# /home/ec2-user/.rvm/gems/ruby-2.6.3/gems/railties-5.2.6/lib/rails/rack/logger.rb:26:in `call'[0m
      [36m# /home/ec2-user/.rvm/gems/ruby-2.6.3/gems/rack-2.2.3/lib/rack/method_override.rb:24:in `call'[0m
      [36m# /home/ec2-user/.rvm/gems/ruby-2.6.3/gems/rack-2.2.3/lib/rack/runtime.rb:22:in `call'[0m
      [36m# /home/ec2-user/.rvm/gems/ruby-2.6.3/gems/rack-2.2.3/lib/rack/sendfile.rb:110:in `call'[0m
      [36m# /home/ec2-user/.rvm/gems/ruby-2.6.3/gems/railties-5.2.6/lib/rails/engine.rb:524:in `call'[0m
      [36m# /home/ec2-user/.rvm/gems/ruby-2.6.3/gems/rack-2.2.3/lib/rack/urlmap.rb:74:in `block in call'[0m
      [36m# /home/ec2-user/.rvm/gems/ruby-2.6.3/gems/rack-2.2.3/lib/rack/urlmap.rb:58:in `each'[0m
      [36m# /home/ec2-user/.rvm/gems/ruby-2.6.3/gems/rack-2.2.3/lib/rack/urlmap.rb:58:in `call'[0m
      [36m# /home/ec2-user/.rvm/gems/ruby-2.6.3/gems/rack-2.2.3/lib/rack/builder.rb:244:in `call'[0m
      [36m# /home/ec2-user/.rvm/gems/ruby-2.6.3/gems/rack-test-1.1.0/lib/rack/mock_session.rb:29:in `request'[0m
      [36m# /home/ec2-user/.rvm/gems/ruby-2.6.3/gems/rack-test-1.1.0/lib/rack/test.rb:266:in `process_request'[0m
      [36m# /home/ec2-user/.rvm/gems/ruby-2.6.3/gems/rack-test-1.1.0/lib/rack/test.rb:129:in `custom_request'[0m
      [36m# /home/ec2-user/.rvm/gems/ruby-2.6.3/gems/rack-test-1.1.0/lib/rack/test.rb:66:in `post'[0m
      [36m# /home/ec2-user/.rvm/gems/ruby-2.6.3/gems/capybara-3.35.3/lib/capybara/rack_test/browser.rb:72:in `process'[0m
      [36m# /home/ec2-user/.rvm/gems/ruby-2.6.3/gems/capybara-3.35.3/lib/capybara/rack_test/browser.rb:47:in `process_and_follow_redirects'[0m
      [36m# /home/ec2-user/.rvm/gems/ruby-2.6.3/gems/capybara-3.35.3/lib/capybara/rack_test/browser.rb:36:in `submit'[0m
      [36m# /home/ec2-user/.rvm/gems/ruby-2.6.3/gems/capybara-3.35.3/lib/capybara/rack_test/form.rb:43:in `submit'[0m
      [36m# /home/ec2-user/.rvm/gems/ruby-2.6.3/gems/capybara-3.35.3/lib/capybara/rack_test/node.rb:75:in `click'[0m
      [36m# /home/ec2-user/.rvm/gems/ruby-2.6.3/gems/capybara-3.35.3/lib/capybara/rack_test/node.rb:137:in `block (2 levels) in <class:Node>'[0m
      [36m# /home/ec2-user/.rvm/gems/ruby-2.6.3/gems/capybara-3.35.3/lib/capybara/node/element.rb:172:in `block in click'[0m
      [36m# /home/ec2-user/.rvm/gems/ruby-2.6.3/gems/capybara-3.35.3/lib/capybara/node/element.rb:597:in `block in perform_click_action'[0m
      [36m# /home/ec2-user/.rvm/gems/ruby-2.6.3/gems/capybara-3.35.3/lib/capybara/node/base.rb:83:in `synchronize'[0m
      [36m# /home/ec2-user/.rvm/gems/ruby-2.6.3/gems/capybara-3.35.3/lib/capybara/node/element.rb:597:in `perform_click_action'[0m
      [36m# /home/ec2-user/.rvm/gems/ruby-2.6.3/gems/capybara-3.35.3/lib/capybara/node/element.rb:171:in `click'[0m
      [36m# /home/ec2-user/.rvm/gems/ruby-2.6.3/gems/capybara-3.35.3/lib/capybara/node/actions.rb:58:in `click_button'[0m
      [36m# /home/ec2-user/.rvm/gems/ruby-2.6.3/gems/capybara-3.35.3/lib/capybara/session.rb:768:in `block (2 levels) in <class:Session>'[0m
      [36m# /home/ec2-user/.rvm/gems/ruby-2.6.3/gems/capybara-3.35.3/lib/capybara/dsl.rb:58:in `block (2 levels) in <module:DSL>'[0m
      [36m# ./spec/system/03_finishing_touches_spec.rb:132:in `block (5 levels) in <main>'[0m
      [36m# ./spec/system/03_finishing_touches_spec.rb:132:in `block (4 levels) in <main>'[0m
      [36m# ------------------[0m
      [36m# --- Caused by: ---[0m
      [36m# NoMethodError:[0m
      [36m#   undefined method `name' for nil:NilClass[0m
      [36m#   ./app/views/users/_userinfo.html.erb:12:in `_app_views_users__userinfo_html_erb___2302792636555442640_89157460'[0m

  14) [STEP3] 仕上げのテスト 処理失敗時のテスト 投稿データの新規投稿失敗: 投稿一覧画面から行い、titleを空にする 投稿一覧画面を表示している
      [31mFailure/Error: <th><%= user.name %></th>[0m
      [31m[0m
      [31mActionView::Template::Error:[0m
      [31m  undefined method `name' for nil:NilClass[0m
      [36m# ./app/views/users/_userinfo.html.erb:12:in `_app_views_users__userinfo_html_erb___2302792636555442640_89157460'[0m
      [36m# ./app/views/books/index.html.erb:7:in `_app_views_books_index_html_erb__94161995955258684_97772500'[0m
      [36m# ./app/controllers/books_controller.rb:13:in `create'[0m
      [36m# /home/ec2-user/.rvm/gems/ruby-2.6.3/gems/warden-1.2.9/lib/warden/manager.rb:36:in `block in call'[0m
      [36m# /home/ec2-user/.rvm/gems/ruby-2.6.3/gems/warden-1.2.9/lib/warden/manager.rb:34:in `catch'[0m
      [36m# /home/ec2-user/.rvm/gems/ruby-2.6.3/gems/warden-1.2.9/lib/warden/manager.rb:34:in `call'[0m
      [36m# /home/ec2-user/.rvm/gems/ruby-2.6.3/gems/rack-2.2.3/lib/rack/tempfile_reaper.rb:15:in `call'[0m
      [36m# /home/ec2-user/.rvm/gems/ruby-2.6.3/gems/rack-2.2.3/lib/rack/etag.rb:27:in `call'[0m
      [36m# /home/ec2-user/.rvm/gems/ruby-2.6.3/gems/rack-2.2.3/lib/rack/conditional_get.rb:40:in `call'[0m
      [36m# /home/ec2-user/.rvm/gems/ruby-2.6.3/gems/rack-2.2.3/lib/rack/head.rb:12:in `call'[0m
      [36m# /home/ec2-user/.rvm/gems/ruby-2.6.3/gems/rack-2.2.3/lib/rack/session/abstract/id.rb:266:in `context'[0m
      [36m# /home/ec2-user/.rvm/gems/ruby-2.6.3/gems/rack-2.2.3/lib/rack/session/abstract/id.rb:260:in `call'[0m
      [36m# /home/ec2-user/.rvm/gems/ruby-2.6.3/gems/railties-5.2.6/lib/rails/rack/logger.rb:38:in `call_app'[0m
      [36m# /home/ec2-user/.rvm/gems/ruby-2.6.3/gems/railties-5.2.6/lib/rails/rack/logger.rb:26:in `block in call'[0m
      [36m# /home/ec2-user/.rvm/gems/ruby-2.6.3/gems/railties-5.2.6/lib/rails/rack/logger.rb:26:in `call'[0m
      [36m# /home/ec2-user/.rvm/gems/ruby-2.6.3/gems/rack-2.2.3/lib/rack/method_override.rb:24:in `call'[0m
      [36m# /home/ec2-user/.rvm/gems/ruby-2.6.3/gems/rack-2.2.3/lib/rack/runtime.rb:22:in `call'[0m
      [36m# /home/ec2-user/.rvm/gems/ruby-2.6.3/gems/rack-2.2.3/lib/rack/sendfile.rb:110:in `call'[0m
      [36m# /home/ec2-user/.rvm/gems/ruby-2.6.3/gems/railties-5.2.6/lib/rails/engine.rb:524:in `call'[0m
      [36m# /home/ec2-user/.rvm/gems/ruby-2.6.3/gems/rack-2.2.3/lib/rack/urlmap.rb:74:in `block in call'[0m
      [36m# /home/ec2-user/.rvm/gems/ruby-2.6.3/gems/rack-2.2.3/lib/rack/urlmap.rb:58:in `each'[0m
      [36m# /home/ec2-user/.rvm/gems/ruby-2.6.3/gems/rack-2.2.3/lib/rack/urlmap.rb:58:in `call'[0m
      [36m# /home/ec2-user/.rvm/gems/ruby-2.6.3/gems/rack-2.2.3/lib/rack/builder.rb:244:in `call'[0m
      [36m# /home/ec2-user/.rvm/gems/ruby-2.6.3/gems/rack-test-1.1.0/lib/rack/mock_session.rb:29:in `request'[0m
      [36m# /home/ec2-user/.rvm/gems/ruby-2.6.3/gems/rack-test-1.1.0/lib/rack/test.rb:266:in `process_request'[0m
      [36m# /home/ec2-user/.rvm/gems/ruby-2.6.3/gems/rack-test-1.1.0/lib/rack/test.rb:129:in `custom_request'[0m
      [36m# /home/ec2-user/.rvm/gems/ruby-2.6.3/gems/rack-test-1.1.0/lib/rack/test.rb:66:in `post'[0m
      [36m# /home/ec2-user/.rvm/gems/ruby-2.6.3/gems/capybara-3.35.3/lib/capybara/rack_test/browser.rb:72:in `process'[0m
      [36m# /home/ec2-user/.rvm/gems/ruby-2.6.3/gems/capybara-3.35.3/lib/capybara/rack_test/browser.rb:47:in `process_and_follow_redirects'[0m
      [36m# /home/ec2-user/.rvm/gems/ruby-2.6.3/gems/capybara-3.35.3/lib/capybara/rack_test/browser.rb:36:in `submit'[0m
      [36m# /home/ec2-user/.rvm/gems/ruby-2.6.3/gems/capybara-3.35.3/lib/capybara/rack_test/form.rb:43:in `submit'[0m
      [36m# /home/ec2-user/.rvm/gems/ruby-2.6.3/gems/capybara-3.35.3/lib/capybara/rack_test/node.rb:75:in `click'[0m
      [36m# /home/ec2-user/.rvm/gems/ruby-2.6.3/gems/capybara-3.35.3/lib/capybara/rack_test/node.rb:137:in `block (2 levels) in <class:Node>'[0m
      [36m# /home/ec2-user/.rvm/gems/ruby-2.6.3/gems/capybara-3.35.3/lib/capybara/node/element.rb:172:in `block in click'[0m
      [36m# /home/ec2-user/.rvm/gems/ruby-2.6.3/gems/capybara-3.35.3/lib/capybara/node/element.rb:597:in `block in perform_click_action'[0m
      [36m# /home/ec2-user/.rvm/gems/ruby-2.6.3/gems/capybara-3.35.3/lib/capybara/node/base.rb:83:in `synchronize'[0m
      [36m# /home/ec2-user/.rvm/gems/ruby-2.6.3/gems/capybara-3.35.3/lib/capybara/node/element.rb:597:in `perform_click_action'[0m
      [36m# /home/ec2-user/.rvm/gems/ruby-2.6.3/gems/capybara-3.35.3/lib/capybara/node/element.rb:171:in `click'[0m
      [36m# /home/ec2-user/.rvm/gems/ruby-2.6.3/gems/capybara-3.35.3/lib/capybara/node/actions.rb:58:in `click_button'[0m
      [36m# /home/ec2-user/.rvm/gems/ruby-2.6.3/gems/capybara-3.35.3/lib/capybara/session.rb:768:in `block (2 levels) in <class:Session>'[0m
      [36m# /home/ec2-user/.rvm/gems/ruby-2.6.3/gems/capybara-3.35.3/lib/capybara/dsl.rb:58:in `block (2 levels) in <module:DSL>'[0m
      [36m# ./spec/system/03_finishing_touches_spec.rb:135:in `block (4 levels) in <main>'[0m
      [36m# ------------------[0m
      [36m# --- Caused by: ---[0m
      [36m# NoMethodError:[0m
      [36m#   undefined method `name' for nil:NilClass[0m
      [36m#   ./app/views/users/_userinfo.html.erb:12:in `_app_views_users__userinfo_html_erb___2302792636555442640_89157460'[0m

  15) [STEP3] 仕上げのテスト 処理失敗時のテスト 投稿データの新規投稿失敗: 投稿一覧画面から行い、titleを空にする バリデーションエラーが表示される
      [31mFailure/Error: <th><%= user.name %></th>[0m
      [31m[0m
      [31mActionView::Template::Error:[0m
      [31m  undefined method `name' for nil:NilClass[0m
      [36m# ./app/views/users/_userinfo.html.erb:12:in `_app_views_users__userinfo_html_erb___2302792636555442640_89157460'[0m
      [36m# ./app/views/books/index.html.erb:7:in `_app_views_books_index_html_erb__94161995955258684_97772500'[0m
      [36m# ./app/controllers/books_controller.rb:13:in `create'[0m
      [36m# /home/ec2-user/.rvm/gems/ruby-2.6.3/gems/warden-1.2.9/lib/warden/manager.rb:36:in `block in call'[0m
      [36m# /home/ec2-user/.rvm/gems/ruby-2.6.3/gems/warden-1.2.9/lib/warden/manager.rb:34:in `catch'[0m
      [36m# /home/ec2-user/.rvm/gems/ruby-2.6.3/gems/warden-1.2.9/lib/warden/manager.rb:34:in `call'[0m
      [36m# /home/ec2-user/.rvm/gems/ruby-2.6.3/gems/rack-2.2.3/lib/rack/tempfile_reaper.rb:15:in `call'[0m
      [36m# /home/ec2-user/.rvm/gems/ruby-2.6.3/gems/rack-2.2.3/lib/rack/etag.rb:27:in `call'[0m
      [36m# /home/ec2-user/.rvm/gems/ruby-2.6.3/gems/rack-2.2.3/lib/rack/conditional_get.rb:40:in `call'[0m
      [36m# /home/ec2-user/.rvm/gems/ruby-2.6.3/gems/rack-2.2.3/lib/rack/head.rb:12:in `call'[0m
      [36m# /home/ec2-user/.rvm/gems/ruby-2.6.3/gems/rack-2.2.3/lib/rack/session/abstract/id.rb:266:in `context'[0m
      [36m# /home/ec2-user/.rvm/gems/ruby-2.6.3/gems/rack-2.2.3/lib/rack/session/abstract/id.rb:260:in `call'[0m
      [36m# /home/ec2-user/.rvm/gems/ruby-2.6.3/gems/railties-5.2.6/lib/rails/rack/logger.rb:38:in `call_app'[0m
      [36m# /home/ec2-user/.rvm/gems/ruby-2.6.3/gems/railties-5.2.6/lib/rails/rack/logger.rb:26:in `block in call'[0m
      [36m# /home/ec2-user/.rvm/gems/ruby-2.6.3/gems/railties-5.2.6/lib/rails/rack/logger.rb:26:in `call'[0m
      [36m# /home/ec2-user/.rvm/gems/ruby-2.6.3/gems/rack-2.2.3/lib/rack/method_override.rb:24:in `call'[0m
      [36m# /home/ec2-user/.rvm/gems/ruby-2.6.3/gems/rack-2.2.3/lib/rack/runtime.rb:22:in `call'[0m
      [36m# /home/ec2-user/.rvm/gems/ruby-2.6.3/gems/rack-2.2.3/lib/rack/sendfile.rb:110:in `call'[0m
      [36m# /home/ec2-user/.rvm/gems/ruby-2.6.3/gems/railties-5.2.6/lib/rails/engine.rb:524:in `call'[0m
      [36m# /home/ec2-user/.rvm/gems/ruby-2.6.3/gems/rack-2.2.3/lib/rack/urlmap.rb:74:in `block in call'[0m
      [36m# /home/ec2-user/.rvm/gems/ruby-2.6.3/gems/rack-2.2.3/lib/rack/urlmap.rb:58:in `each'[0m
      [36m# /home/ec2-user/.rvm/gems/ruby-2.6.3/gems/rack-2.2.3/lib/rack/urlmap.rb:58:in `call'[0m
      [36m# /home/ec2-user/.rvm/gems/ruby-2.6.3/gems/rack-2.2.3/lib/rack/builder.rb:244:in `call'[0m
      [36m# /home/ec2-user/.rvm/gems/ruby-2.6.3/gems/rack-test-1.1.0/lib/rack/mock_session.rb:29:in `request'[0m
      [36m# /home/ec2-user/.rvm/gems/ruby-2.6.3/gems/rack-test-1.1.0/lib/rack/test.rb:266:in `process_request'[0m
      [36m# /home/ec2-user/.rvm/gems/ruby-2.6.3/gems/rack-test-1.1.0/lib/rack/test.rb:129:in `custom_request'[0m
      [36m# /home/ec2-user/.rvm/gems/ruby-2.6.3/gems/rack-test-1.1.0/lib/rack/test.rb:66:in `post'[0m
      [36m# /home/ec2-user/.rvm/gems/ruby-2.6.3/gems/capybara-3.35.3/lib/capybara/rack_test/browser.rb:72:in `process'[0m
      [36m# /home/ec2-user/.rvm/gems/ruby-2.6.3/gems/capybara-3.35.3/lib/capybara/rack_test/browser.rb:47:in `process_and_follow_redirects'[0m
      [36m# /home/ec2-user/.rvm/gems/ruby-2.6.3/gems/capybara-3.35.3/lib/capybara/rack_test/browser.rb:36:in `submit'[0m
      [36m# /home/ec2-user/.rvm/gems/ruby-2.6.3/gems/capybara-3.35.3/lib/capybara/rack_test/form.rb:43:in `submit'[0m
      [36m# /home/ec2-user/.rvm/gems/ruby-2.6.3/gems/capybara-3.35.3/lib/capybara/rack_test/node.rb:75:in `click'[0m
      [36m# /home/ec2-user/.rvm/gems/ruby-2.6.3/gems/capybara-3.35.3/lib/capybara/rack_test/node.rb:137:in `block (2 levels) in <class:Node>'[0m
      [36m# /home/ec2-user/.rvm/gems/ruby-2.6.3/gems/capybara-3.35.3/lib/capybara/node/element.rb:172:in `block in click'[0m
      [36m# /home/ec2-user/.rvm/gems/ruby-2.6.3/gems/capybara-3.35.3/lib/capybara/node/element.rb:597:in `block in perform_click_action'[0m
      [36m# /home/ec2-user/.rvm/gems/ruby-2.6.3/gems/capybara-3.35.3/lib/capybara/node/base.rb:83:in `synchronize'[0m
      [36m# /home/ec2-user/.rvm/gems/ruby-2.6.3/gems/capybara-3.35.3/lib/capybara/node/element.rb:597:in `perform_click_action'[0m
      [36m# /home/ec2-user/.rvm/gems/ruby-2.6.3/gems/capybara-3.35.3/lib/capybara/node/element.rb:171:in `click'[0m
      [36m# /home/ec2-user/.rvm/gems/ruby-2.6.3/gems/capybara-3.35.3/lib/capybara/node/actions.rb:58:in `click_button'[0m
      [36m# /home/ec2-user/.rvm/gems/ruby-2.6.3/gems/capybara-3.35.3/lib/capybara/session.rb:768:in `block (2 levels) in <class:Session>'[0m
      [36m# /home/ec2-user/.rvm/gems/ruby-2.6.3/gems/capybara-3.35.3/lib/capybara/dsl.rb:58:in `block (2 levels) in <module:DSL>'[0m
      [36m# ./spec/system/03_finishing_touches_spec.rb:145:in `block (4 levels) in <main>'[0m
      [36m# ------------------[0m
      [36m# --- Caused by: ---[0m
      [36m# NoMethodError:[0m
      [36m#   undefined method `name' for nil:NilClass[0m
      [36m#   ./app/views/users/_userinfo.html.erb:12:in `_app_views_users__userinfo_html_erb___2302792636555442640_89157460'[0m

  16) [STEP3] 仕上げのテスト ログインしていない場合のアクセス制限のテスト: アクセスできず、ログイン画面に遷移する ユーザ一覧画面
      [31mFailure/Error: @books = @user.books[0m
      [31m[0m
      [31mNoMethodError:[0m
      [31m  undefined method `books' for nil:NilClass[0m
      [36m# ./app/controllers/users_controller.rb:12:in `index'[0m
      [36m# /home/ec2-user/.rvm/gems/ruby-2.6.3/gems/warden-1.2.9/lib/warden/manager.rb:36:in `block in call'[0m
      [36m# /home/ec2-user/.rvm/gems/ruby-2.6.3/gems/warden-1.2.9/lib/warden/manager.rb:34:in `catch'[0m
      [36m# /home/ec2-user/.rvm/gems/ruby-2.6.3/gems/warden-1.2.9/lib/warden/manager.rb:34:in `call'[0m
      [36m# /home/ec2-user/.rvm/gems/ruby-2.6.3/gems/rack-2.2.3/lib/rack/tempfile_reaper.rb:15:in `call'[0m
      [36m# /home/ec2-user/.rvm/gems/ruby-2.6.3/gems/rack-2.2.3/lib/rack/etag.rb:27:in `call'[0m
      [36m# /home/ec2-user/.rvm/gems/ruby-2.6.3/gems/rack-2.2.3/lib/rack/conditional_get.rb:27:in `call'[0m
      [36m# /home/ec2-user/.rvm/gems/ruby-2.6.3/gems/rack-2.2.3/lib/rack/head.rb:12:in `call'[0m
      [36m# /home/ec2-user/.rvm/gems/ruby-2.6.3/gems/rack-2.2.3/lib/rack/session/abstract/id.rb:266:in `context'[0m
      [36m# /home/ec2-user/.rvm/gems/ruby-2.6.3/gems/rack-2.2.3/lib/rack/session/abstract/id.rb:260:in `call'[0m
      [36m# /home/ec2-user/.rvm/gems/ruby-2.6.3/gems/railties-5.2.6/lib/rails/rack/logger.rb:38:in `call_app'[0m
      [36m# /home/ec2-user/.rvm/gems/ruby-2.6.3/gems/railties-5.2.6/lib/rails/rack/logger.rb:26:in `block in call'[0m
      [36m# /home/ec2-user/.rvm/gems/ruby-2.6.3/gems/railties-5.2.6/lib/rails/rack/logger.rb:26:in `call'[0m
      [36m# /home/ec2-user/.rvm/gems/ruby-2.6.3/gems/rack-2.2.3/lib/rack/method_override.rb:24:in `call'[0m
      [36m# /home/ec2-user/.rvm/gems/ruby-2.6.3/gems/rack-2.2.3/lib/rack/runtime.rb:22:in `call'[0m
      [36m# /home/ec2-user/.rvm/gems/ruby-2.6.3/gems/rack-2.2.3/lib/rack/sendfile.rb:110:in `call'[0m
      [36m# /home/ec2-user/.rvm/gems/ruby-2.6.3/gems/railties-5.2.6/lib/rails/engine.rb:524:in `call'[0m
      [36m# /home/ec2-user/.rvm/gems/ruby-2.6.3/gems/rack-2.2.3/lib/rack/urlmap.rb:74:in `block in call'[0m
      [36m# /home/ec2-user/.rvm/gems/ruby-2.6.3/gems/rack-2.2.3/lib/rack/urlmap.rb:58:in `each'[0m
      [36m# /home/ec2-user/.rvm/gems/ruby-2.6.3/gems/rack-2.2.3/lib/rack/urlmap.rb:58:in `call'[0m
      [36m# /home/ec2-user/.rvm/gems/ruby-2.6.3/gems/rack-2.2.3/lib/rack/builder.rb:244:in `call'[0m
      [36m# /home/ec2-user/.rvm/gems/ruby-2.6.3/gems/rack-test-1.1.0/lib/rack/mock_session.rb:29:in `request'[0m
      [36m# /home/ec2-user/.rvm/gems/ruby-2.6.3/gems/rack-test-1.1.0/lib/rack/test.rb:266:in `process_request'[0m
      [36m# /home/ec2-user/.rvm/gems/ruby-2.6.3/gems/rack-test-1.1.0/lib/rack/test.rb:129:in `custom_request'[0m
      [36m# /home/ec2-user/.rvm/gems/ruby-2.6.3/gems/rack-test-1.1.0/lib/rack/test.rb:58:in `get'[0m
      [36m# /home/ec2-user/.rvm/gems/ruby-2.6.3/gems/capybara-3.35.3/lib/capybara/rack_test/browser.rb:72:in `process'[0m
      [36m# /home/ec2-user/.rvm/gems/ruby-2.6.3/gems/capybara-3.35.3/lib/capybara/rack_test/browser.rb:47:in `process_and_follow_redirects'[0m
      [36m# /home/ec2-user/.rvm/gems/ruby-2.6.3/gems/capybara-3.35.3/lib/capybara/rack_test/browser.rb:24:in `visit'[0m
      [36m# /home/ec2-user/.rvm/gems/ruby-2.6.3/gems/capybara-3.35.3/lib/capybara/rack_test/driver.rb:46:in `visit'[0m
      [36m# /home/ec2-user/.rvm/gems/ruby-2.6.3/gems/capybara-3.35.3/lib/capybara/session.rb:278:in `visit'[0m
      [36m# /home/ec2-user/.rvm/gems/ruby-2.6.3/gems/capybara-3.35.3/lib/capybara/dsl.rb:58:in `block (2 levels) in <module:DSL>'[0m
      [36m# ./spec/system/03_finishing_touches_spec.rb:180:in `block (3 levels) in <main>'[0m

  17) [STEP3] 仕上げのテスト ログインしていない場合のアクセス制限のテスト: アクセスできず、ログイン画面に遷移する ユーザ詳細画面
      [31mFailure/Error: <% if user.id == current_user.id %>[0m
      [31m[0m
      [31mActionView::Template::Error:[0m
      [31m  undefined method `id' for nil:NilClass[0m
      [36m# ./app/views/users/_userinfo.html.erb:21:in `_app_views_users__userinfo_html_erb___2302792636555442640_89157460'[0m
      [36m# ./app/views/users/show.html.erb:6:in `_app_views_users_show_html_erb__88138957833714306_89063120'[0m
      [36m# /home/ec2-user/.rvm/gems/ruby-2.6.3/gems/warden-1.2.9/lib/warden/manager.rb:36:in `block in call'[0m
      [36m# /home/ec2-user/.rvm/gems/ruby-2.6.3/gems/warden-1.2.9/lib/warden/manager.rb:34:in `catch'[0m
      [36m# /home/ec2-user/.rvm/gems/ruby-2.6.3/gems/warden-1.2.9/lib/warden/manager.rb:34:in `call'[0m
      [36m# /home/ec2-user/.rvm/gems/ruby-2.6.3/gems/rack-2.2.3/lib/rack/tempfile_reaper.rb:15:in `call'[0m
      [36m# /home/ec2-user/.rvm/gems/ruby-2.6.3/gems/rack-2.2.3/lib/rack/etag.rb:27:in `call'[0m
      [36m# /home/ec2-user/.rvm/gems/ruby-2.6.3/gems/rack-2.2.3/lib/rack/conditional_get.rb:27:in `call'[0m
      [36m# /home/ec2-user/.rvm/gems/ruby-2.6.3/gems/rack-2.2.3/lib/rack/head.rb:12:in `call'[0m
      [36m# /home/ec2-user/.rvm/gems/ruby-2.6.3/gems/rack-2.2.3/lib/rack/session/abstract/id.rb:266:in `context'[0m
      [36m# /home/ec2-user/.rvm/gems/ruby-2.6.3/gems/rack-2.2.3/lib/rack/session/abstract/id.rb:260:in `call'[0m
      [36m# /home/ec2-user/.rvm/gems/ruby-2.6.3/gems/railties-5.2.6/lib/rails/rack/logger.rb:38:in `call_app'[0m
      [36m# /home/ec2-user/.rvm/gems/ruby-2.6.3/gems/railties-5.2.6/lib/rails/rack/logger.rb:26:in `block in call'[0m
      [36m# /home/ec2-user/.rvm/gems/ruby-2.6.3/gems/railties-5.2.6/lib/rails/rack/logger.rb:26:in `call'[0m
      [36m# /home/ec2-user/.rvm/gems/ruby-2.6.3/gems/rack-2.2.3/lib/rack/method_override.rb:24:in `call'[0m
      [36m# /home/ec2-user/.rvm/gems/ruby-2.6.3/gems/rack-2.2.3/lib/rack/runtime.rb:22:in `call'[0m
      [36m# /home/ec2-user/.rvm/gems/ruby-2.6.3/gems/rack-2.2.3/lib/rack/sendfile.rb:110:in `call'[0m
      [36m# /home/ec2-user/.rvm/gems/ruby-2.6.3/gems/railties-5.2.6/lib/rails/engine.rb:524:in `call'[0m
      [36m# /home/ec2-user/.rvm/gems/ruby-2.6.3/gems/rack-2.2.3/lib/rack/urlmap.rb:74:in `block in call'[0m
      [36m# /home/ec2-user/.rvm/gems/ruby-2.6.3/gems/rack-2.2.3/lib/rack/urlmap.rb:58:in `each'[0m
      [36m# /home/ec2-user/.rvm/gems/ruby-2.6.3/gems/rack-2.2.3/lib/rack/urlmap.rb:58:in `call'[0m
      [36m# /home/ec2-user/.rvm/gems/ruby-2.6.3/gems/rack-2.2.3/lib/rack/builder.rb:244:in `call'[0m
      [36m# /home/ec2-user/.rvm/gems/ruby-2.6.3/gems/rack-test-1.1.0/lib/rack/mock_session.rb:29:in `request'[0m
      [36m# /home/ec2-user/.rvm/gems/ruby-2.6.3/gems/rack-test-1.1.0/lib/rack/test.rb:266:in `process_request'[0m
      [36m# /home/ec2-user/.rvm/gems/ruby-2.6.3/gems/rack-test-1.1.0/lib/rack/test.rb:129:in `custom_request'[0m
      [36m# /home/ec2-user/.rvm/gems/ruby-2.6.3/gems/rack-test-1.1.0/lib/rack/test.rb:58:in `get'[0m
      [36m# /home/ec2-user/.rvm/gems/ruby-2.6.3/gems/capybara-3.35.3/lib/capybara/rack_test/browser.rb:72:in `process'[0m
      [36m# /home/ec2-user/.rvm/gems/ruby-2.6.3/gems/capybara-3.35.3/lib/capybara/rack_test/browser.rb:47:in `process_and_follow_redirects'[0m
      [36m# /home/ec2-user/.rvm/gems/ruby-2.6.3/gems/capybara-3.35.3/lib/capybara/rack_test/browser.rb:24:in `visit'[0m
      [36m# /home/ec2-user/.rvm/gems/ruby-2.6.3/gems/capybara-3.35.3/lib/capybara/rack_test/driver.rb:46:in `visit'[0m
      [36m# /home/ec2-user/.rvm/gems/ruby-2.6.3/gems/capybara-3.35.3/lib/capybara/session.rb:278:in `visit'[0m
      [36m# /home/ec2-user/.rvm/gems/ruby-2.6.3/gems/capybara-3.35.3/lib/capybara/dsl.rb:58:in `block (2 levels) in <module:DSL>'[0m
      [36m# ./spec/system/03_finishing_touches_spec.rb:184:in `block (3 levels) in <main>'[0m
      [36m# ------------------[0m
      [36m# --- Caused by: ---[0m
      [36m# NoMethodError:[0m
      [36m#   undefined method `id' for nil:NilClass[0m
      [36m#   ./app/views/users/_userinfo.html.erb:21:in `_app_views_users__userinfo_html_erb___2302792636555442640_89157460'[0m

  18) [STEP3] 仕上げのテスト ログインしていない場合のアクセス制限のテスト: アクセスできず、ログイン画面に遷移する ユーザ情報編集画面
      [31mFailure/Error: is_expected.to eq '/users/sign_in'[0m
      [31m[0m
      [31m  expected: "/users/sign_in"[0m
      [31m       got: "/users/2/edit"[0m
      [31m[0m
      [31m  (compared using ==)[0m
      [36m# ./spec/system/03_finishing_touches_spec.rb:189:in `block (3 levels) in <main>'[0m

  19) [STEP3] 仕上げのテスト ログインしていない場合のアクセス制限のテスト: アクセスできず、ログイン画面に遷移する 投稿一覧画面
      [31mFailure/Error: <th><%= user.name %></th>[0m
      [31m[0m
      [31mActionView::Template::Error:[0m
      [31m  undefined method `name' for nil:NilClass[0m
      [36m# ./app/views/users/_userinfo.html.erb:12:in `_app_views_users__userinfo_html_erb___2302792636555442640_89157460'[0m
      [36m# ./app/views/books/index.html.erb:7:in `_app_views_books_index_html_erb__94161995955258684_97772500'[0m
      [36m# /home/ec2-user/.rvm/gems/ruby-2.6.3/gems/warden-1.2.9/lib/warden/manager.rb:36:in `block in call'[0m
      [36m# /home/ec2-user/.rvm/gems/ruby-2.6.3/gems/warden-1.2.9/lib/warden/manager.rb:34:in `catch'[0m
      [36m# /home/ec2-user/.rvm/gems/ruby-2.6.3/gems/warden-1.2.9/lib/warden/manager.rb:34:in `call'[0m
      [36m# /home/ec2-user/.rvm/gems/ruby-2.6.3/gems/rack-2.2.3/lib/rack/tempfile_reaper.rb:15:in `call'[0m
      [36m# /home/ec2-user/.rvm/gems/ruby-2.6.3/gems/rack-2.2.3/lib/rack/etag.rb:27:in `call'[0m
      [36m# /home/ec2-user/.rvm/gems/ruby-2.6.3/gems/rack-2.2.3/lib/rack/conditional_get.rb:27:in `call'[0m
      [36m# /home/ec2-user/.rvm/gems/ruby-2.6.3/gems/rack-2.2.3/lib/rack/head.rb:12:in `call'[0m
      [36m# /home/ec2-user/.rvm/gems/ruby-2.6.3/gems/rack-2.2.3/lib/rack/session/abstract/id.rb:266:in `context'[0m
      [36m# /home/ec2-user/.rvm/gems/ruby-2.6.3/gems/rack-2.2.3/lib/rack/session/abstract/id.rb:260:in `call'[0m
      [36m# /home/ec2-user/.rvm/gems/ruby-2.6.3/gems/railties-5.2.6/lib/rails/rack/logger.rb:38:in `call_app'[0m
      [36m# /home/ec2-user/.rvm/gems/ruby-2.6.3/gems/railties-5.2.6/lib/rails/rack/logger.rb:26:in `block in call'[0m
      [36m# /home/ec2-user/.rvm/gems/ruby-2.6.3/gems/railties-5.2.6/lib/rails/rack/logger.rb:26:in `call'[0m
      [36m# /home/ec2-user/.rvm/gems/ruby-2.6.3/gems/rack-2.2.3/lib/rack/method_override.rb:24:in `call'[0m
      [36m# /home/ec2-user/.rvm/gems/ruby-2.6.3/gems/rack-2.2.3/lib/rack/runtime.rb:22:in `call'[0m
      [36m# /home/ec2-user/.rvm/gems/ruby-2.6.3/gems/rack-2.2.3/lib/rack/sendfile.rb:110:in `call'[0m
      [36m# /home/ec2-user/.rvm/gems/ruby-2.6.3/gems/railties-5.2.6/lib/rails/engine.rb:524:in `call'[0m
      [36m# /home/ec2-user/.rvm/gems/ruby-2.6.3/gems/rack-2.2.3/lib/rack/urlmap.rb:74:in `block in call'[0m
      [36m# /home/ec2-user/.rvm/gems/ruby-2.6.3/gems/rack-2.2.3/lib/rack/urlmap.rb:58:in `each'[0m
      [36m# /home/ec2-user/.rvm/gems/ruby-2.6.3/gems/rack-2.2.3/lib/rack/urlmap.rb:58:in `call'[0m
      [36m# /home/ec2-user/.rvm/gems/ruby-2.6.3/gems/rack-2.2.3/lib/rack/builder.rb:244:in `call'[0m
      [36m# /home/ec2-user/.rvm/gems/ruby-2.6.3/gems/rack-test-1.1.0/lib/rack/mock_session.rb:29:in `request'[0m
      [36m# /home/ec2-user/.rvm/gems/ruby-2.6.3/gems/rack-test-1.1.0/lib/rack/test.rb:266:in `process_request'[0m
      [36m# /home/ec2-user/.rvm/gems/ruby-2.6.3/gems/rack-test-1.1.0/lib/rack/test.rb:129:in `custom_request'[0m
      [36m# /home/ec2-user/.rvm/gems/ruby-2.6.3/gems/rack-test-1.1.0/lib/rack/test.rb:58:in `get'[0m
      [36m# /home/ec2-user/.rvm/gems/ruby-2.6.3/gems/capybara-3.35.3/lib/capybara/rack_test/browser.rb:72:in `process'[0m
      [36m# /home/ec2-user/.rvm/gems/ruby-2.6.3/gems/capybara-3.35.3/lib/capybara/rack_test/browser.rb:47:in `process_and_follow_redirects'[0m
      [36m# /home/ec2-user/.rvm/gems/ruby-2.6.3/gems/capybara-3.35.3/lib/capybara/rack_test/browser.rb:24:in `visit'[0m
      [36m# /home/ec2-user/.rvm/gems/ruby-2.6.3/gems/capybara-3.35.3/lib/capybara/rack_test/driver.rb:46:in `visit'[0m
      [36m# /home/ec2-user/.rvm/gems/ruby-2.6.3/gems/capybara-3.35.3/lib/capybara/session.rb:278:in `visit'[0m
      [36m# /home/ec2-user/.rvm/gems/ruby-2.6.3/gems/capybara-3.35.3/lib/capybara/dsl.rb:58:in `block (2 levels) in <module:DSL>'[0m
      [36m# ./spec/system/03_finishing_touches_spec.rb:192:in `block (3 levels) in <main>'[0m
      [36m# ------------------[0m
      [36m# --- Caused by: ---[0m
      [36m# NoMethodError:[0m
      [36m#   undefined method `name' for nil:NilClass[0m
      [36m#   ./app/views/users/_userinfo.html.erb:12:in `_app_views_users__userinfo_html_erb___2302792636555442640_89157460'[0m

  20) [STEP3] 仕上げのテスト ログインしていない場合のアクセス制限のテスト: アクセスできず、ログイン画面に遷移する 投稿詳細画面
      [31mFailure/Error: <th><%= user.name %></th>[0m
      [31m[0m
      [31mActionView::Template::Error:[0m
      [31m  undefined method `name' for nil:NilClass[0m
      [36m# ./app/views/users/_userinfo.html.erb:12:in `_app_views_users__userinfo_html_erb___2302792636555442640_89157460'[0m
      [36m# ./app/views/books/show.html.erb:8:in `_app_views_books_show_html_erb___1313077876839151888_97769920'[0m
      [36m# /home/ec2-user/.rvm/gems/ruby-2.6.3/gems/warden-1.2.9/lib/warden/manager.rb:36:in `block in call'[0m
      [36m# /home/ec2-user/.rvm/gems/ruby-2.6.3/gems/warden-1.2.9/lib/warden/manager.rb:34:in `catch'[0m
      [36m# /home/ec2-user/.rvm/gems/ruby-2.6.3/gems/warden-1.2.9/lib/warden/manager.rb:34:in `call'[0m
      [36m# /home/ec2-user/.rvm/gems/ruby-2.6.3/gems/rack-2.2.3/lib/rack/tempfile_reaper.rb:15:in `call'[0m
      [36m# /home/ec2-user/.rvm/gems/ruby-2.6.3/gems/rack-2.2.3/lib/rack/etag.rb:27:in `call'[0m
      [36m# /home/ec2-user/.rvm/gems/ruby-2.6.3/gems/rack-2.2.3/lib/rack/conditional_get.rb:27:in `call'[0m
      [36m# /home/ec2-user/.rvm/gems/ruby-2.6.3/gems/rack-2.2.3/lib/rack/head.rb:12:in `call'[0m
      [36m# /home/ec2-user/.rvm/gems/ruby-2.6.3/gems/rack-2.2.3/lib/rack/session/abstract/id.rb:266:in `context'[0m
      [36m# /home/ec2-user/.rvm/gems/ruby-2.6.3/gems/rack-2.2.3/lib/rack/session/abstract/id.rb:260:in `call'[0m
      [36m# /home/ec2-user/.rvm/gems/ruby-2.6.3/gems/railties-5.2.6/lib/rails/rack/logger.rb:38:in `call_app'[0m
      [36m# /home/ec2-user/.rvm/gems/ruby-2.6.3/gems/railties-5.2.6/lib/rails/rack/logger.rb:26:in `block in call'[0m
      [36m# /home/ec2-user/.rvm/gems/ruby-2.6.3/gems/railties-5.2.6/lib/rails/rack/logger.rb:26:in `call'[0m
      [36m# /home/ec2-user/.rvm/gems/ruby-2.6.3/gems/rack-2.2.3/lib/rack/method_override.rb:24:in `call'[0m
      [36m# /home/ec2-user/.rvm/gems/ruby-2.6.3/gems/rack-2.2.3/lib/rack/runtime.rb:22:in `call'[0m
      [36m# /home/ec2-user/.rvm/gems/ruby-2.6.3/gems/rack-2.2.3/lib/rack/sendfile.rb:110:in `call'[0m
      [36m# /home/ec2-user/.rvm/gems/ruby-2.6.3/gems/railties-5.2.6/lib/rails/engine.rb:524:in `call'[0m
      [36m# /home/ec2-user/.rvm/gems/ruby-2.6.3/gems/rack-2.2.3/lib/rack/urlmap.rb:74:in `block in call'[0m
      [36m# /home/ec2-user/.rvm/gems/ruby-2.6.3/gems/rack-2.2.3/lib/rack/urlmap.rb:58:in `each'[0m
      [36m# /home/ec2-user/.rvm/gems/ruby-2.6.3/gems/rack-2.2.3/lib/rack/urlmap.rb:58:in `call'[0m
      [36m# /home/ec2-user/.rvm/gems/ruby-2.6.3/gems/rack-2.2.3/lib/rack/builder.rb:244:in `call'[0m
      [36m# /home/ec2-user/.rvm/gems/ruby-2.6.3/gems/rack-test-1.1.0/lib/rack/mock_session.rb:29:in `request'[0m
      [36m# /home/ec2-user/.rvm/gems/ruby-2.6.3/gems/rack-test-1.1.0/lib/rack/test.rb:266:in `process_request'[0m
      [36m# /home/ec2-user/.rvm/gems/ruby-2.6.3/gems/rack-test-1.1.0/lib/rack/test.rb:129:in `custom_request'[0m
      [36m# /home/ec2-user/.rvm/gems/ruby-2.6.3/gems/rack-test-1.1.0/lib/rack/test.rb:58:in `get'[0m
      [36m# /home/ec2-user/.rvm/gems/ruby-2.6.3/gems/capybara-3.35.3/lib/capybara/rack_test/browser.rb:72:in `process'[0m
      [36m# /home/ec2-user/.rvm/gems/ruby-2.6.3/gems/capybara-3.35.3/lib/capybara/rack_test/browser.rb:47:in `process_and_follow_redirects'[0m
      [36m# /home/ec2-user/.rvm/gems/ruby-2.6.3/gems/capybara-3.35.3/lib/capybara/rack_test/browser.rb:24:in `visit'[0m
      [36m# /home/ec2-user/.rvm/gems/ruby-2.6.3/gems/capybara-3.35.3/lib/capybara/rack_test/driver.rb:46:in `visit'[0m
      [36m# /home/ec2-user/.rvm/gems/ruby-2.6.3/gems/capybara-3.35.3/lib/capybara/session.rb:278:in `visit'[0m
      [36m# /home/ec2-user/.rvm/gems/ruby-2.6.3/gems/capybara-3.35.3/lib/capybara/dsl.rb:58:in `block (2 levels) in <module:DSL>'[0m
      [36m# ./spec/system/03_finishing_touches_spec.rb:196:in `block (3 levels) in <main>'[0m
      [36m# ------------------[0m
      [36m# --- Caused by: ---[0m
      [36m# NoMethodError:[0m
      [36m#   undefined method `name' for nil:NilClass[0m
      [36m#   ./app/views/users/_userinfo.html.erb:12:in `_app_views_users__userinfo_html_erb___2302792636555442640_89157460'[0m

  21) [STEP3] 仕上げのテスト ログインしていない場合のアクセス制限のテスト: アクセスできず、ログイン画面に遷移する 投稿編集画面
      [31mFailure/Error: @books = current_user.books[0m
      [31m[0m
      [31mNoMethodError:[0m
      [31m  undefined method `books' for nil:NilClass[0m
      [36m# ./app/controllers/books_controller.rb:58:in `ensure_user'[0m
      [36m# /home/ec2-user/.rvm/gems/ruby-2.6.3/gems/warden-1.2.9/lib/warden/manager.rb:36:in `block in call'[0m
      [36m# /home/ec2-user/.rvm/gems/ruby-2.6.3/gems/warden-1.2.9/lib/warden/manager.rb:34:in `catch'[0m
      [36m# /home/ec2-user/.rvm/gems/ruby-2.6.3/gems/warden-1.2.9/lib/warden/manager.rb:34:in `call'[0m
      [36m# /home/ec2-user/.rvm/gems/ruby-2.6.3/gems/rack-2.2.3/lib/rack/tempfile_reaper.rb:15:in `call'[0m
      [36m# /home/ec2-user/.rvm/gems/ruby-2.6.3/gems/rack-2.2.3/lib/rack/etag.rb:27:in `call'[0m
      [36m# /home/ec2-user/.rvm/gems/ruby-2.6.3/gems/rack-2.2.3/lib/rack/conditional_get.rb:27:in `call'[0m
      [36m# /home/ec2-user/.rvm/gems/ruby-2.6.3/gems/rack-2.2.3/lib/rack/head.rb:12:in `call'[0m
      [36m# /home/ec2-user/.rvm/gems/ruby-2.6.3/gems/rack-2.2.3/lib/rack/session/abstract/id.rb:266:in `context'[0m
      [36m# /home/ec2-user/.rvm/gems/ruby-2.6.3/gems/rack-2.2.3/lib/rack/session/abstract/id.rb:260:in `call'[0m
      [36m# /home/ec2-user/.rvm/gems/ruby-2.6.3/gems/railties-5.2.6/lib/rails/rack/logger.rb:38:in `call_app'[0m
      [36m# /home/ec2-user/.rvm/gems/ruby-2.6.3/gems/railties-5.2.6/lib/rails/rack/logger.rb:26:in `block in call'[0m
      [36m# /home/ec2-user/.rvm/gems/ruby-2.6.3/gems/railties-5.2.6/lib/rails/rack/logger.rb:26:in `call'[0m
      [36m# /home/ec2-user/.rvm/gems/ruby-2.6.3/gems/rack-2.2.3/lib/rack/method_override.rb:24:in `call'[0m
      [36m# /home/ec2-user/.rvm/gems/ruby-2.6.3/gems/rack-2.2.3/lib/rack/runtime.rb:22:in `call'[0m
      [36m# /home/ec2-user/.rvm/gems/ruby-2.6.3/gems/rack-2.2.3/lib/rack/sendfile.rb:110:in `call'[0m
      [36m# /home/ec2-user/.rvm/gems/ruby-2.6.3/gems/railties-5.2.6/lib/rails/engine.rb:524:in `call'[0m
      [36m# /home/ec2-user/.rvm/gems/ruby-2.6.3/gems/rack-2.2.3/lib/rack/urlmap.rb:74:in `block in call'[0m
      [36m# /home/ec2-user/.rvm/gems/ruby-2.6.3/gems/rack-2.2.3/lib/rack/urlmap.rb:58:in `each'[0m
      [36m# /home/ec2-user/.rvm/gems/ruby-2.6.3/gems/rack-2.2.3/lib/rack/urlmap.rb:58:in `call'[0m
      [36m# /home/ec2-user/.rvm/gems/ruby-2.6.3/gems/rack-2.2.3/lib/rack/builder.rb:244:in `call'[0m
      [36m# /home/ec2-user/.rvm/gems/ruby-2.6.3/gems/rack-test-1.1.0/lib/rack/mock_session.rb:29:in `request'[0m
      [36m# /home/ec2-user/.rvm/gems/ruby-2.6.3/gems/rack-test-1.1.0/lib/rack/test.rb:266:in `process_request'[0m
      [36m# /home/ec2-user/.rvm/gems/ruby-2.6.3/gems/rack-test-1.1.0/lib/rack/test.rb:129:in `custom_request'[0m
      [36m# /home/ec2-user/.rvm/gems/ruby-2.6.3/gems/rack-test-1.1.0/lib/rack/test.rb:58:in `get'[0m
      [36m# /home/ec2-user/.rvm/gems/ruby-2.6.3/gems/capybara-3.35.3/lib/capybara/rack_test/browser.rb:72:in `process'[0m
      [36m# /home/ec2-user/.rvm/gems/ruby-2.6.3/gems/capybara-3.35.3/lib/capybara/rack_test/browser.rb:47:in `process_and_follow_redirects'[0m
      [36m# /home/ec2-user/.rvm/gems/ruby-2.6.3/gems/capybara-3.35.3/lib/capybara/rack_test/browser.rb:24:in `visit'[0m
      [36m# /home/ec2-user/.rvm/gems/ruby-2.6.3/gems/capybara-3.35.3/lib/capybara/rack_test/driver.rb:46:in `visit'[0m
      [36m# /home/ec2-user/.rvm/gems/ruby-2.6.3/gems/capybara-3.35.3/lib/capybara/session.rb:278:in `visit'[0m
      [36m# /home/ec2-user/.rvm/gems/ruby-2.6.3/gems/capybara-3.35.3/lib/capybara/dsl.rb:58:in `block (2 levels) in <module:DSL>'[0m
      [36m# ./spec/system/03_finishing_touches_spec.rb:200:in `block (3 levels) in <main>'[0m

  22) [STEP3] 仕上げのテスト 他人の画面のテスト 他人の投稿詳細画面のテスト 表示内容の確認 ユーザ画像・名前のリンク先が正しい
      [31mFailure/Error: expect(page).to have_link other_book.user.name, href: user_path(other_book.user)[0m
      [31m  expected to find link "2zeunruxae" with href "/users/1" but there were no matches[0m
      [36m# ./spec/system/03_finishing_touches_spec.rb:226:in `block (5 levels) in <main>'[0m

  23) [STEP3] 仕上げのテスト 他人の画面のテスト 他人の投稿詳細画面のテスト サイドバーの確認 他人の名前と紹介文が表示される
      [31mFailure/Error: expect(page).to have_content other_user.introduction[0m
      [31m  expected to find text "7oti2fdu1qyi0w7sqtxv" in "Bookers\nHome Users Books Log out\nUser info\nname pmg86vs71v introduction meolk1uajbykrlv4465m\n編集\nNEW BOOKS\nTitle\nOpinion\nBook detail\n82e7y438oo b1isz 0ahqeujw7ec3xjikk98g\nCopyRight Infratop.inc"[0m
      [36m# ./spec/system/03_finishing_touches_spec.rb:245:in `block (5 levels) in <main>'[0m

  24) [STEP3] 仕上げのテスト 他人の画面のテスト 他人の投稿詳細画面のテスト サイドバーの確認 他人のユーザ編集画面へのリンクが存在する
      [31mFailure/Error: expect(page).to have_link '', href: edit_user_path(other_user)[0m
      [31m  expected to find link "" with href "/users/1/edit" but there were no matches[0m
      [36m# ./spec/system/03_finishing_touches_spec.rb:248:in `block (5 levels) in <main>'[0m

  25) [STEP3] 仕上げのテスト 他人の画面のテスト 他人の投稿詳細画面のテスト サイドバーの確認 自分の名前と紹介文は表示されない
      [31mFailure/Error: expect(page).not_to have_content user.name[0m
      [31m  expected not to find text "ahzkd2356u" in "Bookers\nHome Users Books Log out\nUser info\nname ahzkd2356u introduction f99hndnl6lm1i91nlhom\n編集\nNEW BOOKS\nTitle\nOpinion\nBook detail\nwkyzxadeo4 4m74d 6st939w94n9v70g5wjd8\nCopyRight Infratop.inc"[0m
      [36m# ./spec/system/03_finishing_touches_spec.rb:251:in `block (5 levels) in <main>'[0m

  26) [STEP3] 仕上げのテスト 他人の画面のテスト 他人の投稿詳細画面のテスト サイドバーの確認 自分のユーザ編集画面へのリンクは存在しない
      [31mFailure/Error: expect(page).not_to have_link '', href: edit_user_path(user)[0m
      [31m  expected not to find visible link "" with href "/users/2/edit", found 1 match: "編集"[0m
      [36m# ./spec/system/03_finishing_touches_spec.rb:255:in `block (5 levels) in <main>'[0m

  27) [STEP3] 仕上げのテスト 他人の画面のテスト 他人の投稿編集画面 遷移できず、投稿一覧画面にリダイレクトされる
      [31mFailure/Error: expect(current_path).to eq '/books'[0m
      [31m[0m
      [31m  expected: "/books"[0m
      [31m       got: "/books/2"[0m
      [31m[0m
      [31m  (compared using ==)[0m
      [36m# ./spec/system/03_finishing_touches_spec.rb:263:in `block (4 levels) in <main>'[0m

  28) [STEP3] 仕上げのテスト 他人の画面のテスト 他人のユーザ詳細画面のテスト 表示の確認 投稿一覧のユーザ画像のリンク先が正しい
      [31mFailure/Error: expect(page).to have_link '', href: user_path(other_user)[0m
      [31m  expected to find link "" with href "/users/1" but there were no matches[0m
      [36m# ./spec/system/03_finishing_touches_spec.rb:277:in `block (5 levels) in <main>'[0m

  29) [STEP3] 仕上げのテスト 他人の画面のテスト 他人のユーザ詳細画面のテスト サイドバーの確認 他人のユーザ編集画面へのリンクが存在する
      [31mFailure/Error: expect(page).to have_link '', href: edit_user_path(other_user)[0m
      [31m  expected to find link "" with href "/users/1/edit" but there were no matches[0m
      [36m# ./spec/system/03_finishing_touches_spec.rb:297:in `block (5 levels) in <main>'[0m

  30) [STEP3] 仕上げのテスト 他人の画面のテスト 他人のユーザ情報編集画面 遷移できず、自分のユーザ詳細画面にリダイレクトされる
      [31mFailure/Error: expect(current_path).to eq '/users/' + user.id.to_s[0m
      [31m[0m
      [31m  expected: "/users/2"[0m
      [31m       got: "/users/1/edit"[0m
      [31m[0m
      [31m  (compared using ==)[0m
      [36m# ./spec/system/03_finishing_touches_spec.rb:312:in `block (4 levels) in <main>'[0m

  31) [STEP3] 仕上げのテスト グリッドシステムのテスト: container, row, col-md-〇を正しく使えている ユーザ一覧画面
      [31mFailure/Error: is_expected.to have_selector '.container .row .col-md-8.offset-md-1'[0m
      [31m  expected to find css ".container .row .col-md-8.offset-md-1" but there were no matches[0m
      [36m# ./spec/system/03_finishing_touches_spec.rb:330:in `block (3 levels) in <main>'[0m

  32) [STEP3] 仕上げのテスト グリッドシステムのテスト: container, row, col-md-〇を正しく使えている ユーザ詳細画面
      [31mFailure/Error: is_expected.to have_selector '.container .row .col-md-8.offset-md-1'[0m
      [31m  expected to find css ".container .row .col-md-8.offset-md-1" but there were no matches[0m
      [36m# ./spec/system/03_finishing_touches_spec.rb:335:in `block (3 levels) in <main>'[0m

  33) [STEP3] 仕上げのテスト グリッドシステムのテスト: container, row, col-md-〇を正しく使えている 投稿一覧画面
      [31mFailure/Error: is_expected.to have_selector '.container .row .col-md-8.offset-md-1'[0m
      [31m  expected to find css ".container .row .col-md-8.offset-md-1" but there were no matches[0m
      [36m# ./spec/system/03_finishing_touches_spec.rb:340:in `block (3 levels) in <main>'[0m

  34) [STEP3] 仕上げのテスト グリッドシステムのテスト: container, row, col-md-〇を正しく使えている 投稿詳細画面
      [31mFailure/Error: is_expected.to have_selector '.container .row .col-md-8.offset-md-1'[0m
      [31m  expected to find css ".container .row .col-md-8.offset-md-1" but there were no matches[0m
      [36m# ./spec/system/03_finishing_touches_spec.rb:345:in `block (3 levels) in <main>'[0m

Finished in 16.8 seconds (files took 2.53 seconds to load)
[31m198 examples, 34 failures[0m

Failed examples:

[31mrspec ./spec/system/02_after_login_spec.rb:50[0m [36m# [STEP2] ユーザログイン後のテスト 投稿一覧画面のテスト 表示内容の確認 自分と他人の画像のリンク先が正しい[0m
[31mrspec ./spec/system/02_after_login_spec.rb:72[0m [36m# [STEP2] ユーザログイン後のテスト 投稿一覧画面のテスト サイドバーの確認 「New book」と表示される[0m
[31mrspec ./spec/system/02_after_login_spec.rb:101[0m [36m# [STEP2] ユーザログイン後のテスト 投稿一覧画面のテスト 投稿成功のテスト リダイレクト先が、保存できた投稿の詳細画面になっている[0m
[31mrspec ./spec/system/02_after_login_spec.rb:120[0m [36m# [STEP2] ユーザログイン後のテスト 自分の投稿詳細画面のテスト 表示内容の確認 ユーザ画像・名前のリンク先が正しい[0m
[31mrspec ./spec/system/02_after_login_spec.rb:145[0m [36m# [STEP2] ユーザログイン後のテスト 自分の投稿詳細画面のテスト サイドバーの確認 「New book」と表示される[0m
[31mrspec ./spec/system/02_after_login_spec.rb:218[0m [36m# [STEP2] ユーザログイン後のテスト 自分の投稿編集画面のテスト 表示の確認 Showリンクが表示される[0m
[31mrspec ./spec/system/02_after_login_spec.rb:278[0m [36m# [STEP2] ユーザログイン後のテスト ユーザ一覧画面のテスト サイドバーの確認 「New book」と表示される[0m
[31mrspec ./spec/system/02_after_login_spec.rb:332[0m [36m# [STEP2] ユーザログイン後のテスト 自分のユーザ詳細画面のテスト サイドバーの確認 「New book」と表示される[0m
[31mrspec ./spec/system/02_after_login_spec.rb:388[0m [36m# [STEP2] ユーザログイン後のテスト 自分のユーザ情報編集画面のテスト 更新成功のテスト introductionが正しく更新される[0m
[31mrspec ./spec/system/03_finishing_touches_spec.rb:28[0m [36m# [STEP3] 仕上げのテスト サクセスメッセージのテスト ユーザログアウト成功時[0m
[31mrspec ./spec/system/03_finishing_touches_spec.rb:112[0m [36m# [STEP3] 仕上げのテスト 処理失敗時のテスト ユーザのプロフィール情報編集失敗: nameを1文字にする ユーザ編集画面を表示しており、フォームの内容が正しい[0m
[31mrspec ./spec/system/03_finishing_touches_spec.rb:115[0m [36m# [STEP3] 仕上げのテスト 処理失敗時のテスト ユーザのプロフィール情報編集失敗: nameを1文字にする バリデーションエラーが表示される[0m
[31mrspec ./spec/system/03_finishing_touches_spec.rb:131[0m [36m# [STEP3] 仕上げのテスト 処理失敗時のテスト 投稿データの新規投稿失敗: 投稿一覧画面から行い、titleを空にする 投稿が保存されない[0m
[31mrspec ./spec/system/03_finishing_touches_spec.rb:134[0m [36m# [STEP3] 仕上げのテスト 処理失敗時のテスト 投稿データの新規投稿失敗: 投稿一覧画面から行い、titleを空にする 投稿一覧画面を表示している[0m
[31mrspec ./spec/system/03_finishing_touches_spec.rb:144[0m [36m# [STEP3] 仕上げのテスト 処理失敗時のテスト 投稿データの新規投稿失敗: 投稿一覧画面から行い、titleを空にする バリデーションエラーが表示される[0m
[31mrspec ./spec/system/03_finishing_touches_spec.rb:179[0m [36m# [STEP3] 仕上げのテスト ログインしていない場合のアクセス制限のテスト: アクセスできず、ログイン画面に遷移する ユーザ一覧画面[0m
[31mrspec ./spec/system/03_finishing_touches_spec.rb:183[0m [36m# [STEP3] 仕上げのテスト ログインしていない場合のアクセス制限のテスト: アクセスできず、ログイン画面に遷移する ユーザ詳細画面[0m
[31mrspec ./spec/system/03_finishing_touches_spec.rb:187[0m [36m# [STEP3] 仕上げのテスト ログインしていない場合のアクセス制限のテスト: アクセスできず、ログイン画面に遷移する ユーザ情報編集画面[0m
[31mrspec ./spec/system/03_finishing_touches_spec.rb:191[0m [36m# [STEP3] 仕上げのテスト ログインしていない場合のアクセス制限のテスト: アクセスできず、ログイン画面に遷移する 投稿一覧画面[0m
[31mrspec ./spec/system/03_finishing_touches_spec.rb:195[0m [36m# [STEP3] 仕上げのテスト ログインしていない場合のアクセス制限のテスト: アクセスできず、ログイン画面に遷移する 投稿詳細画面[0m
[31mrspec ./spec/system/03_finishing_touches_spec.rb:199[0m [36m# [STEP3] 仕上げのテスト ログインしていない場合のアクセス制限のテスト: アクセスできず、ログイン画面に遷移する 投稿編集画面[0m
[31mrspec ./spec/system/03_finishing_touches_spec.rb:225[0m [36m# [STEP3] 仕上げのテスト 他人の画面のテスト 他人の投稿詳細画面のテスト 表示内容の確認 ユーザ画像・名前のリンク先が正しい[0m
[31mrspec ./spec/system/03_finishing_touches_spec.rb:243[0m [36m# [STEP3] 仕上げのテスト 他人の画面のテスト 他人の投稿詳細画面のテスト サイドバーの確認 他人の名前と紹介文が表示される[0m
[31mrspec ./spec/system/03_finishing_touches_spec.rb:247[0m [36m# [STEP3] 仕上げのテスト 他人の画面のテスト 他人の投稿詳細画面のテスト サイドバーの確認 他人のユーザ編集画面へのリンクが存在する[0m
[31mrspec ./spec/system/03_finishing_touches_spec.rb:250[0m [36m# [STEP3] 仕上げのテスト 他人の画面のテスト 他人の投稿詳細画面のテスト サイドバーの確認 自分の名前と紹介文は表示されない[0m
[31mrspec ./spec/system/03_finishing_touches_spec.rb:254[0m [36m# [STEP3] 仕上げのテスト 他人の画面のテスト 他人の投稿詳細画面のテスト サイドバーの確認 自分のユーザ編集画面へのリンクは存在しない[0m
[31mrspec ./spec/system/03_finishing_touches_spec.rb:261[0m [36m# [STEP3] 仕上げのテスト 他人の画面のテスト 他人の投稿編集画面 遷移できず、投稿一覧画面にリダイレクトされる[0m
[31mrspec ./spec/system/03_finishing_touches_spec.rb:276[0m [36m# [STEP3] 仕上げのテスト 他人の画面のテスト 他人のユーザ詳細画面のテスト 表示の確認 投稿一覧のユーザ画像のリンク先が正しい[0m
[31mrspec ./spec/system/03_finishing_touches_spec.rb:296[0m [36m# [STEP3] 仕上げのテスト 他人の画面のテスト 他人のユーザ詳細画面のテスト サイドバーの確認 他人のユーザ編集画面へのリンクが存在する[0m
[31mrspec ./spec/system/03_finishing_touches_spec.rb:310[0m [36m# [STEP3] 仕上げのテスト 他人の画面のテスト 他人のユーザ情報編集画面 遷移できず、自分のユーザ詳細画面にリダイレクトされる[0m
[31mrspec ./spec/system/03_finishing_touches_spec.rb:327[0m [36m# [STEP3] 仕上げのテスト グリッドシステムのテスト: container, row, col-md-〇を正しく使えている ユーザ一覧画面[0m
[31mrspec ./spec/system/03_finishing_touches_spec.rb:332[0m [36m# [STEP3] 仕上げのテスト グリッドシステムのテスト: container, row, col-md-〇を正しく使えている ユーザ詳細画面[0m
[31mrspec ./spec/system/03_finishing_touches_spec.rb:337[0m [36m# [STEP3] 仕上げのテスト グリッドシステムのテスト: container, row, col-md-〇を正しく使えている 投稿一覧画面[0m
[31mrspec ./spec/system/03_finishing_touches_spec.rb:342[0m [36m# [STEP3] 仕上げのテスト グリッドシステムのテスト: container, row, col-md-〇を正しく使えている 投稿詳細画面[0m

